<?xml version="1.0" encoding="UTF-8"?>
<!-- Generated by org.testng.reporters.JUnitXMLReporter -->
<testsuite ignored="0" hostname="BINTERNS-QA47L" failures="0" tests="10" name="Surefire test" time="38.909" errors="0" timestamp="2023-05-11T16:53:59 IST">
  <testcase classname="TEST.banktest1" name="logo_displaycheck" time="0.845"/>
  <testcase classname="TEST.banktest1" name="Customerlogin" time="3.098"/>
  <testcase classname="TEST.banktest1" name="user_login_check" time="2.248"/>
  <testcase classname="TEST.banktest1" name="deposit_ch" time="2.661"/>
  <testcase classname="TEST.banktest1" name="withdrwal_ch" time="4.265"/>
  <testcase classname="TEST.banktest1" name="transaction_check" time="4.156"/>
  <testcase classname="TEST.banktest1" name="home_check_button" time="2.09"/>
  <testcase classname="TEST.banktest1" name="bankmanagercheck" time="2.097"/>
  <testcase classname="TEST.banktest1" name="OpenBankAccount" time="5.923"/>
  <testcase classname="TEST.banktest1" name="BankCustomerList_Check" time="2.078"/>
</testsuite> <!-- Surefire test -->
