<?xml version="1.0" encoding="UTF-8"?>
<!-- Generated by org.testng.reporters.JUnitXMLReporter -->
<testsuite ignored="0" hostname="BINTERNS-QA47L" failures="0" tests="10" name="Surefire test" time="38.877" errors="0" timestamp="2023-05-12T16:06:29 IST">
  <testcase classname="TEST.banktest1" name="logo_displaycheck" time="0.7"/>
  <testcase classname="TEST.banktest1" name="Customerlogin" time="3.083"/>
  <testcase classname="TEST.banktest1" name="user_login_check" time="2.271"/>
  <testcase classname="TEST.banktest1" name="deposit_ch" time="2.636"/>
  <testcase classname="TEST.banktest1" name="withdrwal_ch" time="4.282"/>
  <testcase classname="TEST.banktest1" name="transaction_check" time="4.141"/>
  <testcase classname="TEST.banktest1" name="home_check_button" time="2.087"/>
  <testcase classname="TEST.banktest1" name="bankmanagercheck" time="2.07"/>
  <testcase classname="TEST.banktest1" name="OpenBankAccount" time="5.781"/>
  <testcase classname="TEST.banktest1" name="BankCustomerList_Check" time="2.072"/>
</testsuite> <!-- Surefire test -->
