<?xml version="1.0" encoding="UTF-8"?>
<!-- Generated by org.testng.reporters.JUnitXMLReporter -->
<testsuite ignored="0" hostname="BINTERNS-QA47L" failures="0" tests="11" name="Default test" time="41.947" errors="0" timestamp="2023-05-15T11:07:31 IST">
  <testcase classname="TEST.banktest1" name="logo_displaycheck" time="0.834"/>
  <testcase classname="TEST.banktest1" name="Customerlogin" time="3.06"/>
  <testcase classname="TEST.banktest1" name="user_login_check" time="2.15"/>
  <testcase classname="TEST.banktest1" name="deposit_ch" time="2.545"/>
  <testcase classname="TEST.banktest1" name="withdrwal_ch" time="4.176"/>
  <testcase classname="TEST.banktest1" name="transaction_check" time="4.101"/>
  <testcase classname="TEST.banktest1" name="home_check_button" time="2.056"/>
  <testcase classname="TEST.banktest1" name="bankmanagercheck" time="2.056"/>
  <testcase classname="TEST.banktest1" name="OpenBankAccount" time="5.59"/>
  <testcase classname="TEST.banktest1" name="add_custmober" time="5.635"/>
  <testcase classname="TEST.banktest1" name="BankCustomerList_Check" time="2.078"/>
</testsuite> <!-- Default test -->
