<?xml version="1.0" encoding="UTF-8"?>
<!-- Generated by org.testng.reporters.JUnitXMLReporter -->
<testsuite ignored="0" hostname="BINTERNS-QA47L" failures="0" tests="10" name="Default test" time="44.963" errors="0" timestamp="2023-05-12T15:01:01 IST">
  <testcase classname="TEST.banktest1" name="logo_displaycheck" time="1.484"/>
  <testcase classname="TEST.banktest1" name="Customerlogin" time="3.088"/>
  <testcase classname="TEST.banktest1" name="user_login_check" time="2.261"/>
  <testcase classname="TEST.banktest1" name="deposit_ch" time="2.711"/>
  <testcase classname="TEST.banktest1" name="withdrwal_ch" time="4.25"/>
  <testcase classname="TEST.banktest1" name="transaction_check" time="4.153"/>
  <testcase classname="TEST.banktest1" name="home_check_button" time="2.09"/>
  <testcase classname="TEST.banktest1" name="bankmanagercheck" time="2.086"/>
  <testcase classname="TEST.banktest1" name="OpenBankAccount" time="6.429"/>
  <testcase classname="TEST.banktest1" name="BankCustomerList_Check" time="2.077"/>
</testsuite> <!-- Default test -->
