<?xml version="1.0" encoding="UTF-8"?>
<testng-results ignored="0" total="10" passed="10" failed="0" skipped="0">
  <reporter-output>
  </reporter-output>
  <suite started-at="2023-05-11T16:53:20 IST" name="Surefire suite" finished-at="2023-05-11T16:53:59 IST" duration-ms="38909">
    <groups>
    </groups>
    <test started-at="2023-05-11T16:53:20 IST" name="Surefire test" finished-at="2023-05-11T16:53:59 IST" duration-ms="38909">
      <class name="TEST.banktest1">
        <test-method is-config="true" signature="x()[pri:0, instance:TEST.banktest1@4d5b6aac]" started-at="2023-05-11T16:53:20 IST" name="x" finished-at="2023-05-11T16:53:21 IST" duration-ms="178" status="PASS">
          <reporter-output>
          </reporter-output>
        </test-method> <!-- x -->
        <test-method is-config="true" signature="launch()[pri:0, instance:TEST.banktest1@4d5b6aac]" started-at="2023-05-11T16:53:21 IST" name="launch" finished-at="2023-05-11T16:53:26 IST" duration-ms="5492" status="PASS">
          <reporter-output>
          </reporter-output>
        </test-method> <!-- launch -->
        <test-method signature="logo_displaycheck()[pri:1, instance:TEST.banktest1@4d5b6aac]" started-at="2023-05-11T16:53:26 IST" name="logo_displaycheck" finished-at="2023-05-11T16:53:27 IST" duration-ms="845" status="PASS">
          <reporter-output>
          </reporter-output>
        </test-method> <!-- logo_displaycheck -->
        <test-method signature="Customerlogin()[pri:2, instance:TEST.banktest1@4d5b6aac]" started-at="2023-05-11T16:53:27 IST" name="Customerlogin" finished-at="2023-05-11T16:53:30 IST" duration-ms="3098" status="PASS">
          <reporter-output>
          </reporter-output>
        </test-method> <!-- Customerlogin -->
        <test-method signature="user_login_check()[pri:3, instance:TEST.banktest1@4d5b6aac]" started-at="2023-05-11T16:53:30 IST" name="user_login_check" finished-at="2023-05-11T16:53:32 IST" depends-on-methods="TEST.banktest1.Customerlogin" duration-ms="2248" status="PASS">
          <reporter-output>
          </reporter-output>
        </test-method> <!-- user_login_check -->
        <test-method signature="deposit_ch()[pri:4, instance:TEST.banktest1@4d5b6aac]" started-at="2023-05-11T16:53:32 IST" name="deposit_ch" finished-at="2023-05-11T16:53:35 IST" depends-on-methods="TEST.banktest1.user_login_check" duration-ms="2661" status="PASS">
          <reporter-output>
          </reporter-output>
        </test-method> <!-- deposit_ch -->
        <test-method signature="withdrwal_ch()[pri:5, instance:TEST.banktest1@4d5b6aac]" started-at="2023-05-11T16:53:35 IST" name="withdrwal_ch" finished-at="2023-05-11T16:53:39 IST" depends-on-methods="TEST.banktest1.deposit_ch" duration-ms="4265" status="PASS">
          <reporter-output>
          </reporter-output>
        </test-method> <!-- withdrwal_ch -->
        <test-method signature="transaction_check()[pri:6, instance:TEST.banktest1@4d5b6aac]" started-at="2023-05-11T16:53:39 IST" name="transaction_check" finished-at="2023-05-11T16:53:43 IST" depends-on-methods="TEST.banktest1.user_login_check" duration-ms="4156" status="PASS">
          <reporter-output>
          </reporter-output>
        </test-method> <!-- transaction_check -->
        <test-method signature="home_check_button()[pri:7, instance:TEST.banktest1@4d5b6aac]" started-at="2023-05-11T16:53:43 IST" name="home_check_button" finished-at="2023-05-11T16:53:46 IST" depends-on-methods="TEST.banktest1.transaction_check" duration-ms="2090" status="PASS">
          <reporter-output>
          </reporter-output>
        </test-method> <!-- home_check_button -->
        <test-method signature="bankmanagercheck()[pri:8, instance:TEST.banktest1@4d5b6aac]" started-at="2023-05-11T16:53:46 IST" name="bankmanagercheck" finished-at="2023-05-11T16:53:48 IST" duration-ms="2097" status="PASS">
          <reporter-output>
          </reporter-output>
        </test-method> <!-- bankmanagercheck -->
        <test-method signature="OpenBankAccount()[pri:9, instance:TEST.banktest1@4d5b6aac]" started-at="2023-05-11T16:53:48 IST" name="OpenBankAccount" finished-at="2023-05-11T16:53:54 IST" depends-on-methods="TEST.banktest1.bankmanagercheck" duration-ms="5923" status="PASS">
          <reporter-output>
          </reporter-output>
        </test-method> <!-- OpenBankAccount -->
        <test-method signature="BankCustomerList_Check()[pri:10, instance:TEST.banktest1@4d5b6aac]" started-at="2023-05-11T16:53:54 IST" name="BankCustomerList_Check" finished-at="2023-05-11T16:53:56 IST" depends-on-methods="TEST.banktest1.bankmanagercheck" duration-ms="2078" status="PASS">
          <reporter-output>
          </reporter-output>
        </test-method> <!-- BankCustomerList_Check -->
        <test-method is-config="true" signature="Bnd()[pri:0, instance:TEST.banktest1@4d5b6aac]" started-at="2023-05-11T16:53:56 IST" name="Bnd" finished-at="2023-05-11T16:53:59 IST" duration-ms="3319" status="PASS">
          <reporter-output>
          </reporter-output>
        </test-method> <!-- Bnd -->
        <test-method is-config="true" signature="y()[pri:0, instance:TEST.banktest1@4d5b6aac]" started-at="2023-05-11T16:53:59 IST" name="y" finished-at="2023-05-11T16:53:59 IST" duration-ms="383" status="PASS">
          <reporter-output>
          </reporter-output>
        </test-method> <!-- y -->
      </class> <!-- TEST.banktest1 -->
    </test> <!-- Surefire test -->
  </suite> <!-- Surefire suite -->
</testng-results>
