<?xml version="1.0" encoding="UTF-8"?>
<testng-results ignored="0" total="10" passed="10" failed="0" skipped="0">
  <reporter-output>
  </reporter-output>
  <suite started-at="2023-05-12T15:00:16 IST" name="Default suite" finished-at="2023-05-12T15:01:01 IST" duration-ms="44963">
    <groups>
    </groups>
    <test started-at="2023-05-12T15:00:16 IST" name="Default test" finished-at="2023-05-12T15:01:01 IST" duration-ms="44963">
      <class name="TEST.banktest1">
        <test-method is-config="true" signature="x()[pri:0, instance:TEST.banktest1@6d4d66d2]" started-at="2023-05-12T15:00:16 IST" name="x" finished-at="2023-05-12T15:00:16 IST" duration-ms="286" status="PASS">
          <reporter-output>
          </reporter-output>
        </test-method> <!-- x -->
        <test-method is-config="true" signature="launch()[pri:0, instance:TEST.banktest1@6d4d66d2]" started-at="2023-05-12T15:00:16 IST" name="launch" finished-at="2023-05-12T15:00:27 IST" duration-ms="10410" status="PASS">
          <reporter-output>
          </reporter-output>
        </test-method> <!-- launch -->
        <test-method signature="logo_displaycheck()[pri:1, instance:TEST.banktest1@6d4d66d2]" started-at="2023-05-12T15:00:27 IST" name="logo_displaycheck" finished-at="2023-05-12T15:00:28 IST" duration-ms="1484" status="PASS">
          <reporter-output>
          </reporter-output>
        </test-method> <!-- logo_displaycheck -->
        <test-method signature="Customerlogin()[pri:2, instance:TEST.banktest1@6d4d66d2]" started-at="2023-05-12T15:00:28 IST" name="Customerlogin" finished-at="2023-05-12T15:00:31 IST" duration-ms="3088" status="PASS">
          <reporter-output>
          </reporter-output>
        </test-method> <!-- Customerlogin -->
        <test-method signature="user_login_check()[pri:3, instance:TEST.banktest1@6d4d66d2]" started-at="2023-05-12T15:00:31 IST" name="user_login_check" finished-at="2023-05-12T15:00:33 IST" depends-on-methods="TEST.banktest1.Customerlogin" duration-ms="2261" status="PASS">
          <reporter-output>
          </reporter-output>
        </test-method> <!-- user_login_check -->
        <test-method signature="deposit_ch()[pri:4, instance:TEST.banktest1@6d4d66d2]" started-at="2023-05-12T15:00:33 IST" name="deposit_ch" finished-at="2023-05-12T15:00:36 IST" depends-on-methods="TEST.banktest1.user_login_check" duration-ms="2711" status="PASS">
          <reporter-output>
          </reporter-output>
        </test-method> <!-- deposit_ch -->
        <test-method signature="withdrwal_ch()[pri:5, instance:TEST.banktest1@6d4d66d2]" started-at="2023-05-12T15:00:36 IST" name="withdrwal_ch" finished-at="2023-05-12T15:00:40 IST" depends-on-methods="TEST.banktest1.deposit_ch" duration-ms="4250" status="PASS">
          <reporter-output>
          </reporter-output>
        </test-method> <!-- withdrwal_ch -->
        <test-method signature="transaction_check()[pri:6, instance:TEST.banktest1@6d4d66d2]" started-at="2023-05-12T15:00:40 IST" name="transaction_check" finished-at="2023-05-12T15:00:45 IST" depends-on-methods="TEST.banktest1.user_login_check" duration-ms="4153" status="PASS">
          <reporter-output>
          </reporter-output>
        </test-method> <!-- transaction_check -->
        <test-method signature="home_check_button()[pri:7, instance:TEST.banktest1@6d4d66d2]" started-at="2023-05-12T15:00:45 IST" name="home_check_button" finished-at="2023-05-12T15:00:47 IST" depends-on-methods="TEST.banktest1.transaction_check" duration-ms="2090" status="PASS">
          <reporter-output>
          </reporter-output>
        </test-method> <!-- home_check_button -->
        <test-method signature="bankmanagercheck()[pri:8, instance:TEST.banktest1@6d4d66d2]" started-at="2023-05-12T15:00:47 IST" name="bankmanagercheck" finished-at="2023-05-12T15:00:49 IST" duration-ms="2086" status="PASS">
          <reporter-output>
          </reporter-output>
        </test-method> <!-- bankmanagercheck -->
        <test-method signature="OpenBankAccount()[pri:9, instance:TEST.banktest1@6d4d66d2]" started-at="2023-05-12T15:00:49 IST" name="OpenBankAccount" finished-at="2023-05-12T15:00:55 IST" depends-on-methods="TEST.banktest1.bankmanagercheck" duration-ms="6429" status="PASS">
          <reporter-output>
          </reporter-output>
        </test-method> <!-- OpenBankAccount -->
        <test-method signature="BankCustomerList_Check()[pri:10, instance:TEST.banktest1@6d4d66d2]" started-at="2023-05-12T15:00:55 IST" name="BankCustomerList_Check" finished-at="2023-05-12T15:00:57 IST" depends-on-methods="TEST.banktest1.bankmanagercheck" duration-ms="2077" status="PASS">
          <reporter-output>
          </reporter-output>
        </test-method> <!-- BankCustomerList_Check -->
        <test-method is-config="true" signature="Bnd()[pri:0, instance:TEST.banktest1@6d4d66d2]" started-at="2023-05-12T15:00:57 IST" name="Bnd" finished-at="2023-05-12T15:01:01 IST" duration-ms="3340" status="PASS">
          <reporter-output>
          </reporter-output>
        </test-method> <!-- Bnd -->
        <test-method is-config="true" signature="y()[pri:0, instance:TEST.banktest1@6d4d66d2]" started-at="2023-05-12T15:01:01 IST" name="y" finished-at="2023-05-12T15:01:01 IST" duration-ms="208" status="PASS">
          <reporter-output>
          </reporter-output>
        </test-method> <!-- y -->
      </class> <!-- TEST.banktest1 -->
    </test> <!-- Default test -->
  </suite> <!-- Default suite -->
</testng-results>
