<?xml version="1.0" encoding="UTF-8"?>
<testng-results ignored="0" total="11" passed="11" failed="0" skipped="0">
  <reporter-output>
  </reporter-output>
  <suite started-at="2023-05-15T11:06:49 IST" name="Default suite" finished-at="2023-05-15T11:07:31 IST" duration-ms="41947">
    <groups>
    </groups>
    <test started-at="2023-05-15T11:06:49 IST" name="Default test" finished-at="2023-05-15T11:07:31 IST" duration-ms="41947">
      <class name="TEST.banktest1">
        <test-method is-config="true" signature="x()[pri:0, instance:TEST.banktest1@2a265ea9]" started-at="2023-05-15T11:06:49 IST" name="x" finished-at="2023-05-15T11:06:49 IST" duration-ms="116" status="PASS">
          <reporter-output>
          </reporter-output>
        </test-method> <!-- x -->
        <test-method is-config="true" signature="launch()[pri:0, instance:TEST.banktest1@2a265ea9]" started-at="2023-05-15T11:06:49 IST" name="launch" finished-at="2023-05-15T11:06:53 IST" duration-ms="4181" status="PASS">
          <reporter-output>
          </reporter-output>
        </test-method> <!-- launch -->
        <test-method signature="logo_displaycheck()[pri:1, instance:TEST.banktest1@2a265ea9]" started-at="2023-05-15T11:06:53 IST" name="logo_displaycheck" finished-at="2023-05-15T11:06:54 IST" duration-ms="834" status="PASS">
          <reporter-output>
          </reporter-output>
        </test-method> <!-- logo_displaycheck -->
        <test-method signature="Customerlogin()[pri:2, instance:TEST.banktest1@2a265ea9]" started-at="2023-05-15T11:06:54 IST" name="Customerlogin" finished-at="2023-05-15T11:06:57 IST" duration-ms="3060" status="PASS">
          <reporter-output>
          </reporter-output>
        </test-method> <!-- Customerlogin -->
        <test-method signature="user_login_check()[pri:3, instance:TEST.banktest1@2a265ea9]" started-at="2023-05-15T11:06:57 IST" name="user_login_check" finished-at="2023-05-15T11:07:00 IST" depends-on-methods="TEST.banktest1.Customerlogin" duration-ms="2150" status="PASS">
          <reporter-output>
          </reporter-output>
        </test-method> <!-- user_login_check -->
        <test-method signature="deposit_ch()[pri:4, instance:TEST.banktest1@2a265ea9]" started-at="2023-05-15T11:07:00 IST" name="deposit_ch" finished-at="2023-05-15T11:07:02 IST" depends-on-methods="TEST.banktest1.user_login_check" duration-ms="2545" status="PASS">
          <reporter-output>
          </reporter-output>
        </test-method> <!-- deposit_ch -->
        <test-method signature="withdrwal_ch()[pri:5, instance:TEST.banktest1@2a265ea9]" started-at="2023-05-15T11:07:02 IST" name="withdrwal_ch" finished-at="2023-05-15T11:07:06 IST" depends-on-methods="TEST.banktest1.deposit_ch" duration-ms="4176" status="PASS">
          <reporter-output>
          </reporter-output>
        </test-method> <!-- withdrwal_ch -->
        <test-method signature="transaction_check()[pri:6, instance:TEST.banktest1@2a265ea9]" started-at="2023-05-15T11:07:06 IST" name="transaction_check" finished-at="2023-05-15T11:07:10 IST" depends-on-methods="TEST.banktest1.user_login_check" duration-ms="4101" status="PASS">
          <reporter-output>
          </reporter-output>
        </test-method> <!-- transaction_check -->
        <test-method signature="home_check_button()[pri:7, instance:TEST.banktest1@2a265ea9]" started-at="2023-05-15T11:07:10 IST" name="home_check_button" finished-at="2023-05-15T11:07:12 IST" depends-on-methods="TEST.banktest1.transaction_check" duration-ms="2056" status="PASS">
          <reporter-output>
          </reporter-output>
        </test-method> <!-- home_check_button -->
        <test-method signature="bankmanagercheck()[pri:8, instance:TEST.banktest1@2a265ea9]" started-at="2023-05-15T11:07:12 IST" name="bankmanagercheck" finished-at="2023-05-15T11:07:14 IST" duration-ms="2056" status="PASS">
          <reporter-output>
          </reporter-output>
        </test-method> <!-- bankmanagercheck -->
        <test-method signature="OpenBankAccount()[pri:9, instance:TEST.banktest1@2a265ea9]" started-at="2023-05-15T11:07:14 IST" name="OpenBankAccount" finished-at="2023-05-15T11:07:20 IST" depends-on-methods="TEST.banktest1.bankmanagercheck" duration-ms="5590" status="PASS">
          <reporter-output>
          </reporter-output>
        </test-method> <!-- OpenBankAccount -->
        <test-method signature="add_custmober()[pri:10, instance:TEST.banktest1@2a265ea9]" started-at="2023-05-15T11:07:20 IST" name="add_custmober" finished-at="2023-05-15T11:07:26 IST" depends-on-methods="TEST.banktest1.bankmanagercheck" duration-ms="5635" status="PASS">
          <reporter-output>
          </reporter-output>
        </test-method> <!-- add_custmober -->
        <test-method signature="BankCustomerList_Check()[pri:11, instance:TEST.banktest1@2a265ea9]" started-at="2023-05-15T11:07:26 IST" name="BankCustomerList_Check" finished-at="2023-05-15T11:07:28 IST" depends-on-methods="TEST.banktest1.bankmanagercheck" duration-ms="2078" status="PASS">
          <reporter-output>
          </reporter-output>
        </test-method> <!-- BankCustomerList_Check -->
        <test-method is-config="true" signature="Bnd()[pri:0, instance:TEST.banktest1@2a265ea9]" started-at="2023-05-15T11:07:28 IST" name="Bnd" finished-at="2023-05-15T11:07:31 IST" duration-ms="3201" status="PASS">
          <reporter-output>
          </reporter-output>
        </test-method> <!-- Bnd -->
        <test-method is-config="true" signature="y()[pri:0, instance:TEST.banktest1@2a265ea9]" started-at="2023-05-15T11:07:31 IST" name="y" finished-at="2023-05-15T11:07:31 IST" duration-ms="123" status="PASS">
          <reporter-output>
          </reporter-output>
        </test-method> <!-- y -->
      </class> <!-- TEST.banktest1 -->
    </test> <!-- Default test -->
  </suite> <!-- Default suite -->
</testng-results>
